info it worked if it ends with ok
verbose cli [ 'node', '/usr/bin/npm', 'install', '--no-bin-links' ]
info using npm@1.1.4
info using node@v0.6.12
verbose config file /home/vagrant/.npmrc
verbose config file /usr/etc/npmrc
verbose config file /usr/share/npm/npmrc
verbose caching /vagrant/package.json
verbose loadDefaults bloc-rdio-skeleton@0.0.1
verbose readDependencies: using package.json deps
verbose where, deps [ '/vagrant',
verbose where, deps   [ 'brunch',
verbose where, deps     'javascript-brunch',
verbose where, deps     'coffee-script-brunch',
verbose where, deps     'css-brunch',
verbose where, deps     'stylus-brunch',
verbose where, deps     'jade',
verbose where, deps     'sass-brunch',
verbose where, deps     'clean-css-brunch',
verbose where, deps     'coffeelint-brunch',
verbose where, deps     'ugly-blanket-brunch',
verbose where, deps     'async',
verbose where, deps     'socket.io',
verbose where, deps     'express',
verbose where, deps     'debug',
verbose where, deps     'ansi-color',
verbose where, deps     'date-utils',
verbose where, deps     'cordell',
verbose where, deps     'growl',
verbose where, deps     'consolidate',
verbose where, deps     'ejs',
verbose where, deps     'mongoose',
verbose where, deps     'underscore',
verbose where, deps     'express-resource',
verbose where, deps     'express-namespace',
verbose where, deps     'passport-local',
verbose where, deps     'passport',
verbose where, deps     'bower',
verbose where, deps     'mocha',
verbose where, deps     'chai',
verbose where, deps     'sinon',
verbose where, deps     'sinon-chai',
verbose where, deps     'supertest',
verbose where, deps     'blanket',
verbose where, deps     'auto-reload-brunch',
verbose where, deps     'karma',
verbose where, deps     'karma-ng-scenario',
verbose where, deps     'karma-mocha',
verbose where, deps     'karma-chrome-launcher',
verbose where, deps     'karma-growl-reporter',
verbose where, deps     'karma-chai',
verbose where, deps     'karma-requirejs' ] ]
verbose from cache /vagrant/package.json
info preinstall bloc-rdio-skeleton@0.0.1
verbose caching /vagrant/node_modules/ansi-color/package.json
verbose loadDefaults ansi-color@0.2.1
verbose caching /vagrant/node_modules/auto-reload-brunch/package.json
verbose loadDefaults auto-reload-brunch@1.7.3
verbose caching /vagrant/node_modules/blanket/package.json
verbose loadDefaults blanket@1.1.6
verbose caching /vagrant/node_modules/bower/package.json
verbose loadDefaults bower@1.3.8
verbose caching /vagrant/node_modules/brunch/package.json
verbose loadDefaults brunch@1.7.13
verbose caching /vagrant/node_modules/chai/package.json
verbose loadDefaults chai@1.9.1
verbose caching /vagrant/node_modules/clean-css-brunch/package.json
verbose loadDefaults clean-css-brunch@1.5.1
verbose caching /vagrant/node_modules/coffee-script-brunch/package.json
verbose loadDefaults coffee-script-brunch@1.5.1
verbose caching /vagrant/node_modules/coffeelint-brunch/package.json
verbose loadDefaults coffeelint-brunch@1.5.0
verbose caching /vagrant/node_modules/consolidate/package.json
verbose loadDefaults consolidate@0.10.0
verbose caching /vagrant/node_modules/cordell/package.json
verbose loadDefaults cordell@0.1.5
verbose caching /vagrant/node_modules/css-brunch/package.json
verbose loadDefaults css-brunch@1.5.1
verbose caching /vagrant/node_modules/date-utils/package.json
verbose loadDefaults date-utils@1.2.16
verbose caching /vagrant/node_modules/debug/package.json
verbose loadDefaults debug@0.7.4
verbose caching /vagrant/node_modules/ejs/package.json
verbose loadDefaults ejs@1.0.0
verbose caching /vagrant/node_modules/express/package.json
verbose loadDefaults express@3.4.8
verbose caching /vagrant/node_modules/express-namespace/package.json
verbose loadDefaults express-namespace@0.1.1
verbose caching /vagrant/node_modules/express-resource/package.json
verbose loadDefaults express-resource@1.0.0
verbose caching /vagrant/node_modules/growl/package.json
verbose loadDefaults growl@1.8.1
verbose caching /vagrant/node_modules/jade/package.json
verbose loadDefaults jade@1.3.1
verbose caching /vagrant/node_modules/javascript-brunch/package.json
verbose loadDefaults javascript-brunch@1.5.1
verbose caching /vagrant/node_modules/karma/package.json
verbose loadDefaults karma@0.12.21
verbose caching /vagrant/node_modules/karma-chai/package.json
verbose loadDefaults karma-chai@0.1.0
verbose caching /vagrant/node_modules/karma-chrome-launcher/package.json
verbose loadDefaults karma-chrome-launcher@0.1.4
verbose caching /vagrant/node_modules/karma-growl-reporter/package.json
verbose loadDefaults karma-growl-reporter@0.1.1
verbose caching /vagrant/node_modules/karma-mocha/package.json
verbose loadDefaults karma-mocha@0.1.7
verbose caching /vagrant/node_modules/karma-ng-scenario/package.json
verbose loadDefaults karma-ng-scenario@0.1.0
verbose caching /vagrant/node_modules/karma-requirejs/package.json
verbose loadDefaults karma-requirejs@0.2.2
verbose caching /vagrant/node_modules/mocha/package.json
verbose loadDefaults mocha@1.21.4
verbose caching /vagrant/node_modules/mongoose/package.json
verbose loadDefaults mongoose@3.8.14
verbose caching /vagrant/node_modules/passport/package.json
verbose loadDefaults passport@0.2.0
verbose caching /vagrant/node_modules/passport-local/package.json
verbose loadDefaults passport-local@1.0.0
verbose caching /vagrant/node_modules/requirejs/package.json
verbose loadDefaults requirejs@2.1.14
verbose caching /vagrant/node_modules/sass-brunch/package.json
verbose loadDefaults sass-brunch@1.8.0
verbose caching /vagrant/node_modules/sinon/package.json
verbose loadDefaults sinon@1.10.3
verbose caching /vagrant/node_modules/sinon-chai/package.json
verbose loadDefaults sinon-chai@2.5.0
verbose caching /vagrant/node_modules/socket.io/package.json
verbose loadDefaults socket.io@0.9.17
verbose caching /vagrant/node_modules/stylus-brunch/package.json
verbose loadDefaults stylus-brunch@1.5.1
verbose caching /vagrant/node_modules/supertest/package.json
verbose loadDefaults supertest@0.13.0
verbose caching /vagrant/node_modules/ugly-blanket-brunch/package.json
verbose loadDefaults ugly-blanket-brunch@1.5.3
verbose caching /vagrant/node_modules/underscore/package.json
verbose loadDefaults underscore@1.6.0
verbose caching /vagrant/node_modules/async/package.json
verbose loadDefaults async@0.2.10
verbose from cache /vagrant/package.json
verbose readDependencies: using package.json deps
verbose from cache /vagrant/node_modules/ansi-color/package.json
verbose from cache /vagrant/node_modules/async/package.json
verbose from cache /vagrant/node_modules/auto-reload-brunch/package.json
verbose from cache /vagrant/node_modules/blanket/package.json
verbose from cache /vagrant/node_modules/bower/package.json
verbose from cache /vagrant/node_modules/brunch/package.json
verbose from cache /vagrant/node_modules/chai/package.json
verbose from cache /vagrant/node_modules/clean-css-brunch/package.json
verbose from cache /vagrant/node_modules/coffee-script-brunch/package.json
verbose from cache /vagrant/node_modules/coffeelint-brunch/package.json
verbose from cache /vagrant/node_modules/consolidate/package.json
verbose from cache /vagrant/node_modules/cordell/package.json
verbose from cache /vagrant/node_modules/css-brunch/package.json
verbose from cache /vagrant/node_modules/date-utils/package.json
verbose from cache /vagrant/node_modules/debug/package.json
verbose from cache /vagrant/node_modules/ejs/package.json
verbose from cache /vagrant/node_modules/express/package.json
verbose from cache /vagrant/node_modules/express-namespace/package.json
verbose from cache /vagrant/node_modules/express-resource/package.json
verbose from cache /vagrant/node_modules/growl/package.json
verbose from cache /vagrant/node_modules/jade/package.json
verbose from cache /vagrant/node_modules/javascript-brunch/package.json
verbose from cache /vagrant/node_modules/karma/package.json
verbose from cache /vagrant/node_modules/karma-chai/package.json
verbose from cache /vagrant/node_modules/karma-chrome-launcher/package.json
verbose from cache /vagrant/node_modules/karma-growl-reporter/package.json
verbose from cache /vagrant/node_modules/karma-mocha/package.json
verbose from cache /vagrant/node_modules/karma-ng-scenario/package.json
verbose from cache /vagrant/node_modules/karma-requirejs/package.json
verbose from cache /vagrant/node_modules/mocha/package.json
verbose from cache /vagrant/node_modules/mongoose/package.json
verbose from cache /vagrant/node_modules/passport/package.json
verbose from cache /vagrant/node_modules/passport-local/package.json
verbose from cache /vagrant/node_modules/requirejs/package.json
verbose from cache /vagrant/node_modules/sass-brunch/package.json
verbose from cache /vagrant/node_modules/sinon/package.json
verbose from cache /vagrant/node_modules/sinon-chai/package.json
verbose from cache /vagrant/node_modules/socket.io/package.json
verbose from cache /vagrant/node_modules/stylus-brunch/package.json
verbose from cache /vagrant/node_modules/supertest/package.json
verbose from cache /vagrant/node_modules/ugly-blanket-brunch/package.json
verbose from cache /vagrant/node_modules/underscore/package.json
verbose already installed in /vagrant skipping async@0.2
verbose already installed in /vagrant skipping socket.io@0.9
verbose already installed in /vagrant skipping express@3.4
verbose already installed in /vagrant skipping debug@~0.7.2
verbose already installed in /vagrant skipping ansi-color@0.2
verbose already installed in /vagrant skipping cordell@*
verbose already installed in /vagrant skipping growl@*
verbose already installed in /vagrant skipping date-utils@1.2
verbose already installed in /vagrant skipping consolidate@*
verbose already installed in /vagrant skipping ejs@*
verbose already installed in /vagrant skipping mongoose@*
verbose already installed in /vagrant skipping underscore@*
verbose already installed in /vagrant skipping express-resource@*
verbose already installed in /vagrant skipping express-namespace@*
verbose already installed in /vagrant skipping passport-local@*
verbose already installed in /vagrant skipping passport@*
verbose already installed in /vagrant skipping bower@1.3.8
verbose already installed in /vagrant skipping mocha@*
verbose already installed in /vagrant skipping chai@*
verbose already installed in /vagrant skipping sinon@*
verbose already installed in /vagrant skipping sinon-chai@*
verbose already installed in /vagrant skipping supertest@*
verbose already installed in /vagrant skipping blanket@*
verbose already installed in /vagrant skipping auto-reload-brunch@1.7
verbose already installed in /vagrant skipping karma@~0.12.16
verbose already installed in /vagrant skipping karma-ng-scenario@~0.1.0
verbose already installed in /vagrant skipping karma-mocha@~0.1.3
verbose already installed in /vagrant skipping karma-chrome-launcher@~0.1.4
verbose already installed in /vagrant skipping karma-growl-reporter@~0.1.1
verbose already installed in /vagrant skipping karma-chai@~0.1.0
verbose already installed in /vagrant skipping karma-requirejs@~0.2.2
verbose already installed in /vagrant skipping brunch@1.7.13
verbose already installed in /vagrant skipping javascript-brunch@1.5
verbose already installed in /vagrant skipping coffee-script-brunch@1.5
verbose already installed in /vagrant skipping css-brunch@1.5
verbose already installed in /vagrant skipping stylus-brunch@1.5
verbose already installed in /vagrant skipping jade@1.3
verbose already installed in /vagrant skipping sass-brunch@1.8.0
verbose already installed in /vagrant skipping clean-css-brunch@1.5
verbose already installed in /vagrant skipping coffeelint-brunch@1.5
verbose already installed in /vagrant skipping ugly-blanket-brunch@~1.5.3
silly resolved []
info build /vagrant
verbose from cache /vagrant/package.json
verbose linkStuff [ false, false, false, '/' ]
info linkStuff bloc-rdio-skeleton@0.0.1
verbose linkBins bloc-rdio-skeleton@0.0.1
verbose linkMans bloc-rdio-skeleton@0.0.1
verbose rebuildBundles bloc-rdio-skeleton@0.0.1
verbose rebuildBundles [ '.bin',
verbose rebuildBundles   'ansi-color',
verbose rebuildBundles   'async',
verbose rebuildBundles   'auto-reload-brunch',
verbose rebuildBundles   'blanket',
verbose rebuildBundles   'bower',
verbose rebuildBundles   'brunch',
verbose rebuildBundles   'chai',
verbose rebuildBundles   'clean-css-brunch',
verbose rebuildBundles   'coffee-script-brunch',
verbose rebuildBundles   'coffeelint-brunch',
verbose rebuildBundles   'consolidate',
verbose rebuildBundles   'cordell',
verbose rebuildBundles   'css-brunch',
verbose rebuildBundles   'date-utils',
verbose rebuildBundles   'debug',
verbose rebuildBundles   'ejs',
verbose rebuildBundles   'express',
verbose rebuildBundles   'express-namespace',
verbose rebuildBundles   'express-resource',
verbose rebuildBundles   'growl',
verbose rebuildBundles   'jade',
verbose rebuildBundles   'javascript-brunch',
verbose rebuildBundles   'karma',
verbose rebuildBundles   'karma-chai',
verbose rebuildBundles   'karma-chrome-launcher',
verbose rebuildBundles   'karma-growl-reporter',
verbose rebuildBundles   'karma-mocha',
verbose rebuildBundles   'karma-ng-scenario',
verbose rebuildBundles   'karma-requirejs',
verbose rebuildBundles   'mocha',
verbose rebuildBundles   'mongoose',
verbose rebuildBundles   'passport',
verbose rebuildBundles   'passport-local',
verbose rebuildBundles   'requirejs',
verbose rebuildBundles   'sass-brunch',
verbose rebuildBundles   'sinon',
verbose rebuildBundles   'sinon-chai',
verbose rebuildBundles   'socket.io',
verbose rebuildBundles   'stylus-brunch',
verbose rebuildBundles   'supertest',
verbose rebuildBundles   'ugly-blanket-brunch',
verbose rebuildBundles   'underscore' ]
verbose rebuild bundle /vagrant/node_modules/requirejs
info build /vagrant/node_modules/requirejs
verbose from cache /vagrant/node_modules/requirejs/package.json
info preinstall requirejs@2.1.14
verbose linkStuff [ false, false, false, '/vagrant/node_modules' ]
info linkStuff requirejs@2.1.14
verbose linkBins requirejs@2.1.14
verbose bins linking [ { 'r.js': './bin/r.js' }, '/vagrant/node_modules/.bin', false ]
verbose linkMans requirejs@2.1.14
verbose rebuildBundles requirejs@2.1.14
ERR! Error: UNKNOWN, unknown error '../requirejs/bin/r.js'
ERR! You may report this log at:
ERR!     <http://bugs.debian.org/npm>
ERR! or use
ERR!     reportbug --attach /vagrant/npm-debug.log npm
ERR! 
ERR! System Linux 3.2.0-23-generic-pae
ERR! command "node" "/usr/bin/npm" "install" "--no-bin-links"
ERR! cwd /vagrant
ERR! node -v v0.6.12
ERR! npm -v 1.1.4
ERR! path ../requirejs/bin/r.js
ERR! code UNKNOWN
ERR! message UNKNOWN, unknown error '../requirejs/bin/r.js'
ERR! errno {}
verbose exit [ 1, true ]
